Build started 5/4/2015 12:29:49 PM.
     1>Project "C:\Users\Ashley\Desktop\FanucProject\C++ Code\TMSConsole\TMSConsole\TMSConsole.vcxproj" on node 2 (Rebuild target(s)).
     1>ClCompile:
         C:\Program Files (x86)\VC\bin\x86_amd64\CL.exe /c /I"C:\armadillo-4.600.4\include" /Zi /nologo /W3 /WX- /Od /D WIN32 /D _DEBUG /D _CONSOLE /D _LIB /D _UNICODE /D UNICODE /Gm /EHsc /RTC1 /MDd /GS /fp:precise /Zc:wchar_t /Zc:forScope /Fo"x64\Debug\\" /Fd"x64\Debug\vc120.pdb" /Gd /TP /errorReport:prompt stdafx.cpp TMSConsole.cpp
         TMSConsole.cpp
     1>C:\Program Files (x86)\VC\include\stdint.h(57): warning C4005: 'INT8_MIN' : macro redefinition
                 c:\program files (x86)\national instruments\labview 2014\cintools\fundtypes.h(291) : see previous definition of 'INT8_MIN'
     1>C:\Program Files (x86)\VC\include\stdint.h(58): warning C4005: 'INT16_MIN' : macro redefinition
                 c:\program files (x86)\national instruments\labview 2014\cintools\fundtypes.h(294) : see previous definition of 'INT16_MIN'
     1>C:\Program Files (x86)\VC\include\stdint.h(59): warning C4005: 'INT32_MIN' : macro redefinition
                 c:\program files (x86)\national instruments\labview 2014\cintools\fundtypes.h(297) : see previous definition of 'INT32_MIN'
     1>C:\Program Files (x86)\VC\include\stdint.h(60): warning C4005: 'INT64_MIN' : macro redefinition
                 c:\program files (x86)\national instruments\labview 2014\cintools\fundtypes.h(370) : see previous definition of 'INT64_MIN'
     1>C:\Program Files (x86)\VC\include\stdint.h(61): warning C4005: 'INT8_MAX' : macro redefinition
                 c:\program files (x86)\national instruments\labview 2014\cintools\fundtypes.h(301) : see previous definition of 'INT8_MAX'
     1>C:\Program Files (x86)\VC\include\stdint.h(62): warning C4005: 'INT16_MAX' : macro redefinition
                 c:\program files (x86)\national instruments\labview 2014\cintools\fundtypes.h(304) : see previous definition of 'INT16_MAX'
     1>C:\Program Files (x86)\VC\include\stdint.h(63): warning C4005: 'INT32_MAX' : macro redefinition
                 c:\program files (x86)\national instruments\labview 2014\cintools\fundtypes.h(307) : see previous definition of 'INT32_MAX'
     1>C:\Program Files (x86)\VC\include\stdint.h(64): warning C4005: 'INT64_MAX' : macro redefinition
                 c:\program files (x86)\national instruments\labview 2014\cintools\fundtypes.h(373) : see previous definition of 'INT64_MAX'
     1>C:\Program Files (x86)\VC\include\stdint.h(65): warning C4005: 'UINT8_MAX' : macro redefinition
                 c:\program files (x86)\national instruments\labview 2014\cintools\fundtypes.h(312) : see previous definition of 'UINT8_MAX'
     1>C:\Program Files (x86)\VC\include\stdint.h(66): warning C4005: 'UINT16_MAX' : macro redefinition
                 c:\program files (x86)\national instruments\labview 2014\cintools\fundtypes.h(315) : see previous definition of 'UINT16_MAX'
     1>C:\Program Files (x86)\VC\include\stdint.h(67): warning C4005: 'UINT32_MAX' : macro redefinition
                 c:\program files (x86)\national instruments\labview 2014\cintools\fundtypes.h(318) : see previous definition of 'UINT32_MAX'
     1>C:\Program Files (x86)\VC\include\stdint.h(68): warning C4005: 'UINT64_MAX' : macro redefinition
                 c:\program files (x86)\national instruments\labview 2014\cintools\fundtypes.h(376) : see previous definition of 'UINT64_MAX'
     1>TMSConsole.cpp(157): warning C4996: 'strcpy': This function or variable may be unsafe. Consider using strcpy_s instead. To disable deprecation, use _CRT_SECURE_NO_WARNINGS. See online help for details.
                 C:\Program Files (x86)\VC\include\string.h(112) : see declaration of 'strcpy'
     1>TMSConsole.cpp(202): warning C4996: 'sscanf': This function or variable may be unsafe. Consider using sscanf_s instead. To disable deprecation, use _CRT_SECURE_NO_WARNINGS. See online help for details.
                 C:\Program Files (x86)\VC\include\stdio.h(304) : see declaration of 'sscanf'
     1>TMSConsole.cpp(207): warning C4996: 'sscanf': This function or variable may be unsafe. Consider using sscanf_s instead. To disable deprecation, use _CRT_SECURE_NO_WARNINGS. See online help for details.
                 C:\Program Files (x86)\VC\include\stdio.h(304) : see declaration of 'sscanf'
     1>TMSConsole.cpp(338): warning C4996: 'strtok': This function or variable may be unsafe. Consider using strtok_s instead. To disable deprecation, use _CRT_SECURE_NO_WARNINGS. See online help for details.
                 C:\Program Files (x86)\VC\include\string.h(204) : see declaration of 'strtok'
     1>TMSConsole.cpp(341): warning C4996: 'strtok': This function or variable may be unsafe. Consider using strtok_s instead. To disable deprecation, use _CRT_SECURE_NO_WARNINGS. See online help for details.
                 C:\Program Files (x86)\VC\include\string.h(204) : see declaration of 'strtok'
     1>TMSConsole.cpp(407): warning C4996: 'asctime': This function or variable may be unsafe. Consider using asctime_s instead. To disable deprecation, use _CRT_SECURE_NO_WARNINGS. See online help for details.
                 C:\Program Files (x86)\VC\include\time.h(174) : see declaration of 'asctime'
     1>TMSConsole.cpp(407): warning C4996: 'localtime': This function or variable may be unsafe. Consider using localtime_s instead. To disable deprecation, use _CRT_SECURE_NO_WARNINGS. See online help for details.
                 C:\Program Files (x86)\VC\include\time.inl(112) : see declaration of 'localtime'
     1>TMSConsole.cpp(408): warning C4996: 'asctime': This function or variable may be unsafe. Consider using asctime_s instead. To disable deprecation, use _CRT_SECURE_NO_WARNINGS. See online help for details.
                 C:\Program Files (x86)\VC\include\time.h(174) : see declaration of 'asctime'
     1>TMSConsole.cpp(415): warning C4996: 'asctime': This function or variable may be unsafe. Consider using asctime_s instead. To disable deprecation, use _CRT_SECURE_NO_WARNINGS. See online help for details.
                 C:\Program Files (x86)\VC\include\time.h(174) : see declaration of 'asctime'
     1>TMSConsole.cpp(416): warning C4996: 'asctime': This function or variable may be unsafe. Consider using asctime_s instead. To disable deprecation, use _CRT_SECURE_NO_WARNINGS. See online help for details.
                 C:\Program Files (x86)\VC\include\time.h(174) : see declaration of 'asctime'
     1>TMSConsole.cpp(316): warning C4101: 'c' : unreferenced local variable
     1>TMSConsole.cpp(522): warning C4996: 'strtok': This function or variable may be unsafe. Consider using strtok_s instead. To disable deprecation, use _CRT_SECURE_NO_WARNINGS. See online help for details.
                 C:\Program Files (x86)\VC\include\string.h(204) : see declaration of 'strtok'
     1>TMSConsole.cpp(525): warning C4996: 'strtok': This function or variable may be unsafe. Consider using strtok_s instead. To disable deprecation, use _CRT_SECURE_NO_WARNINGS. See online help for details.
                 C:\Program Files (x86)\VC\include\string.h(204) : see declaration of 'strtok'
     1>TMSConsole.cpp(553): warning C4996: 'asctime': This function or variable may be unsafe. Consider using asctime_s instead. To disable deprecation, use _CRT_SECURE_NO_WARNINGS. See online help for details.
                 C:\Program Files (x86)\VC\include\time.h(174) : see declaration of 'asctime'
     1>TMSConsole.cpp(554): warning C4996: 'asctime': This function or variable may be unsafe. Consider using asctime_s instead. To disable deprecation, use _CRT_SECURE_NO_WARNINGS. See online help for details.
                 C:\Program Files (x86)\VC\include\time.h(174) : see declaration of 'asctime'
     1>TMSConsole.cpp(562): warning C4996: 'asctime': This function or variable may be unsafe. Consider using asctime_s instead. To disable deprecation, use _CRT_SECURE_NO_WARNINGS. See online help for details.
                 C:\Program Files (x86)\VC\include\time.h(174) : see declaration of 'asctime'
     1>TMSConsole.cpp(563): warning C4996: 'asctime': This function or variable may be unsafe. Consider using asctime_s instead. To disable deprecation, use _CRT_SECURE_NO_WARNINGS. See online help for details.
                 C:\Program Files (x86)\VC\include\time.h(174) : see declaration of 'asctime'
     1>TMSConsole.cpp(622): warning C4244: '=' : conversion from 'double' to 'int', possible loss of data
     1>TMSConsole.cpp(626): warning C4244: '=' : conversion from 'double' to 'int', possible loss of data
     1>TMSConsole.cpp(539): warning C4101: 'old' : unreferenced local variable
     1>TMSConsole.cpp(538): warning C4101: 'now' : unreferenced local variable
     1>TMSConsole.cpp(500): warning C4101: 'c' : unreferenced local variable
         stdafx.cpp
         Generating Code...
       Link:
         C:\Program Files (x86)\VC\bin\x86_amd64\link.exe /ERRORREPORT:PROMPT /OUT:"C:\Users\Ashley\Desktop\FanucProject\C++ Code\TMSConsole\x64\Debug\TMSConsole.exe" /INCREMENTAL /NOLOGO /LIBPATH:C:\MinGW\bin /LIBPATH:"C:\armadillo-4.600.4\examples\lib_win32" /LIBPATH:"C:\Program Files\MATLAB\R2014b\extern\lib\win64\microsoft" OPCFunctions.lib libblas.lib liblapack.lib libeng.lib kernel32.lib user32.lib gdi32.lib winspool.lib comdlg32.lib advapi32.lib shell32.lib ole32.lib oleaut32.lib uuid.lib odbc32.lib odbccp32.lib /MANIFEST /MANIFESTUAC:"level='asInvoker' uiAccess='false'" /manifest:embed /DEBUG /PDB:"C:\Users\Ashley\Desktop\FanucProject\C++ Code\TMSConsole\x64\Debug\TMSConsole.pdb" /SUBSYSTEM:CONSOLE /TLBID:1 /DYNAMICBASE /NXCOMPAT /IMPLIB:"C:\Users\Ashley\Desktop\FanucProject\C++ Code\TMSConsole\x64\Debug\TMSConsole.lib" /MACHINE:X64 x64\Debug\stdafx.obj
         x64\Debug\TMSConsole.obj
     1>TMSConsole.obj : error LNK2019: unresolved external symbol OPCWrite referenced in function "class arma::Mat<double> __cdecl calibrationRoutine(void)" (?calibrationRoutine@@YA?AV?$Mat@N@arma@@XZ)
     1>TMSConsole.obj : error LNK2019: unresolved external symbol OPCRead referenced in function "void __cdecl ReadOPC(char *,int *,int)" (?ReadOPC@@YAXPEADPEAHH@Z)
     1>TMSConsole.obj : error LNK2019: unresolved external symbol ReadGlobalVars referenced in function "class arma::Mat<double> __cdecl calibrationRoutine(void)" (?calibrationRoutine@@YA?AV?$Mat@N@arma@@XZ)
     1>TMSConsole.obj : error LNK2019: unresolved external symbol sgesv_ referenced in function "void __cdecl arma::lapack::gesv<double>(int *,int *,double *,int *,int *,double *,int *,int *)" (??$gesv@N@lapack@arma@@YAXPEAH0PEAN00100@Z)
     1>TMSConsole.obj : error LNK2019: unresolved external symbol dgesv_ referenced in function "void __cdecl arma::lapack::gesv<double>(int *,int *,double *,int *,int *,double *,int *,int *)" (??$gesv@N@lapack@arma@@YAXPEAH0PEAN00100@Z)
     1>TMSConsole.obj : error LNK2019: unresolved external symbol cgesv_ referenced in function "void __cdecl arma::lapack::gesv<double>(int *,int *,double *,int *,int *,double *,int *,int *)" (??$gesv@N@lapack@arma@@YAXPEAH0PEAN00100@Z)
     1>TMSConsole.obj : error LNK2019: unresolved external symbol zgesv_ referenced in function "void __cdecl arma::lapack::gesv<double>(int *,int *,double *,int *,int *,double *,int *,int *)" (??$gesv@N@lapack@arma@@YAXPEAH0PEAN00100@Z)
     1>TMSConsole.obj : error LNK2019: unresolved external symbol sgels_ referenced in function "void __cdecl arma::lapack::gels<double>(char *,int *,int *,int *,double *,int *,double *,int *,double *,int *,int *)" (??$gels@N@lapack@arma@@YAXPEADPEAH11PEAN121211@Z)
     1>TMSConsole.obj : error LNK2019: unresolved external symbol dgels_ referenced in function "void __cdecl arma::lapack::gels<double>(char *,int *,int *,int *,double *,int *,double *,int *,double *,int *,int *)" (??$gels@N@lapack@arma@@YAXPEADPEAH11PEAN121211@Z)
     1>TMSConsole.obj : error LNK2019: unresolved external symbol cgels_ referenced in function "void __cdecl arma::lapack::gels<double>(char *,int *,int *,int *,double *,int *,double *,int *,double *,int *,int *)" (??$gels@N@lapack@arma@@YAXPEADPEAH11PEAN121211@Z)
     1>TMSConsole.obj : error LNK2019: unresolved external symbol zgels_ referenced in function "void __cdecl arma::lapack::gels<double>(char *,int *,int *,int *,double *,int *,double *,int *,double *,int *,int *)" (??$gels@N@lapack@arma@@YAXPEADPEAH11PEAN121211@Z)
     1>C:\Users\Ashley\Desktop\FanucProject\C++ Code\TMSConsole\x64\Debug\TMSConsole.exe : fatal error LNK1120: 11 unresolved externals
     1>Done Building Project "C:\Users\Ashley\Desktop\FanucProject\C++ Code\TMSConsole\TMSConsole\TMSConsole.vcxproj" (Rebuild target(s)) -- FAILED.

Build FAILED.

Time Elapsed 00:00:03.49
